{"D:\\KinRaiDee\\KinRaiDee\\App.js": {"path":"D:\\KinRaiDee\\KinRaiDee\\App.js","statementMap":{"0":{"start":{"line":9,"column":36},"end":{"line":9,"column":48}},"1":{"start":{"line":11,"column":24},"end":{"line":14,"column":3}},"2":{"start":{"line":18,"column":4},"end":{"line":18,"column":26}},"3":{"start":{"line":21,"column":15},"end":{"line":21,"column":53}},"4":{"start":{"line":23,"column":2},"end":{"line":25,"column":3}},"5":{"start":{"line":24,"column":4},"end":{"line":24,"column":29}},"6":{"start":{"line":28,"column":2},"end":{"line":34,"column":3}},"7":{"start":{"line":29,"column":4},"end":{"line":33,"column":6}},"8":{"start":{"line":36,"column":2},"end":{"line":36,"column":57}},"9":{"start":{"line":39,"column":15},"end":{"line":48,"column":2}}},"fnMap":{"0":{"name":"App","decl":{"start":{"line":8,"column":24},"end":{"line":8,"column":27}},"loc":{"start":{"line":8,"column":30},"end":{"line":37,"column":1}},"line":8},"1":{"name":"StartHandler","decl":{"start":{"line":17,"column":11},"end":{"line":17,"column":23}},"loc":{"start":{"line":17,"column":31},"end":{"line":19,"column":3}},"line":17}},"branchMap":{"0":{"loc":{"start":{"line":23,"column":2},"end":{"line":25,"column":3}},"type":"if","locations":[{"start":{"line":23,"column":2},"end":{"line":25,"column":3}},{"start":{},"end":{}}],"line":23},"1":{"loc":{"start":{"line":28,"column":2},"end":{"line":34,"column":3}},"type":"if","locations":[{"start":{"line":28,"column":2},"end":{"line":34,"column":3}},{"start":{},"end":{}}],"line":28}},"s":{"0":0,"1":0,"2":0,"3":0,"4":0,"5":0,"6":0,"7":0,"8":0,"9":0},"f":{"0":0,"1":0},"b":{"0":[0,0],"1":[0,0]}}
,"D:\\KinRaiDee\\KinRaiDee\\components\\DoubleTap.js": {"path":"D:\\KinRaiDee\\KinRaiDee\\components\\DoubleTap.js","statementMap":{"0":{"start":{"line":7,"column":4},"end":{"line":7,"column":17}},"1":{"start":{"line":10,"column":4},"end":{"line":10,"column":53}},"2":{"start":{"line":12,"column":4},"end":{"line":12,"column":27}},"3":{"start":{"line":14,"column":4},"end":{"line":14,"column":31}},"4":{"start":{"line":16,"column":4},"end":{"line":16,"column":23}},"5":{"start":{"line":19,"column":13},"end":{"line":51,"column":3}},"6":{"start":{"line":21,"column":14},"end":{"line":21,"column":34}},"7":{"start":{"line":23,"column":4},"end":{"line":50,"column":5}},"8":{"start":{"line":25,"column":6},"end":{"line":25,"column":30}},"9":{"start":{"line":28,"column":6},"end":{"line":34,"column":25}},"10":{"start":{"line":30,"column":8},"end":{"line":30,"column":61}},"11":{"start":{"line":33,"column":8},"end":{"line":33,"column":31}},"12":{"start":{"line":37,"column":6},"end":{"line":37,"column":26}},"13":{"start":{"line":40,"column":6},"end":{"line":49,"column":7}},"14":{"start":{"line":42,"column":8},"end":{"line":42,"column":47}},"15":{"start":{"line":45,"column":8},"end":{"line":45,"column":61}},"16":{"start":{"line":48,"column":8},"end":{"line":48,"column":31}},"17":{"start":{"line":54,"column":4},"end":{"line":58,"column":6}},"18":{"start":{"line":63,"column":4},"end":{"line":63,"column":43}}},"fnMap":{"0":{"name":"(anonymous_0)","decl":{"start":{"line":6,"column":2},"end":{"line":6,"column":3}},"loc":{"start":{"line":6,"column":21},"end":{"line":17,"column":3}},"line":6},"1":{"name":"(anonymous_1)","decl":{"start":{"line":19,"column":13},"end":{"line":19,"column":14}},"loc":{"start":{"line":19,"column":19},"end":{"line":51,"column":3}},"line":19},"2":{"name":"(anonymous_2)","decl":{"start":{"line":28,"column":30},"end":{"line":28,"column":31}},"loc":{"start":{"line":28,"column":36},"end":{"line":34,"column":7}},"line":28},"3":{"name":"(anonymous_3)","decl":{"start":{"line":53,"column":2},"end":{"line":53,"column":3}},"loc":{"start":{"line":53,"column":11},"end":{"line":59,"column":3}},"line":53},"4":{"name":"(anonymous_4)","decl":{"start":{"line":61,"column":2},"end":{"line":61,"column":3}},"loc":{"start":{"line":61,"column":25},"end":{"line":64,"column":3}},"line":61}},"branchMap":{"0":{"loc":{"start":{"line":10,"column":21},"end":{"line":10,"column":52}},"type":"cond-expr","locations":[{"start":{"line":10,"column":35},"end":{"line":10,"column":46}},{"start":{"line":10,"column":49},"end":{"line":10,"column":52}}],"line":10},"1":{"loc":{"start":{"line":23,"column":4},"end":{"line":50,"column":5}},"type":"if","locations":[{"start":{"line":23,"column":4},"end":{"line":50,"column":5}},{"start":{"line":38,"column":11},"end":{"line":50,"column":5}}],"line":23},"2":{"loc":{"start":{"line":30,"column":8},"end":{"line":30,"column":60}},"type":"cond-expr","locations":[{"start":{"line":30,"column":31},"end":{"line":30,"column":53}},{"start":{"line":30,"column":56},"end":{"line":30,"column":60}}],"line":30},"3":{"loc":{"start":{"line":40,"column":6},"end":{"line":49,"column":7}},"type":"if","locations":[{"start":{"line":40,"column":6},"end":{"line":49,"column":7}},{"start":{},"end":{}}],"line":40},"4":{"loc":{"start":{"line":42,"column":8},"end":{"line":42,"column":46}},"type":"binary-expr","locations":[{"start":{"line":42,"column":8},"end":{"line":42,"column":18}},{"start":{"line":42,"column":22},"end":{"line":42,"column":46}}],"line":42},"5":{"loc":{"start":{"line":45,"column":8},"end":{"line":45,"column":60}},"type":"cond-expr","locations":[{"start":{"line":45,"column":31},"end":{"line":45,"column":53}},{"start":{"line":45,"column":56},"end":{"line":45,"column":60}}],"line":45},"6":{"loc":{"start":{"line":63,"column":4},"end":{"line":63,"column":42}},"type":"binary-expr","locations":[{"start":{"line":63,"column":4},"end":{"line":63,"column":14}},{"start":{"line":63,"column":18},"end":{"line":63,"column":42}}],"line":63}},"s":{"0":0,"1":0,"2":0,"3":0,"4":0,"5":0,"6":0,"7":0,"8":0,"9":0,"10":0,"11":0,"12":0,"13":0,"14":0,"15":0,"16":0,"17":0,"18":0},"f":{"0":0,"1":0,"2":0,"3":0,"4":0},"b":{"0":[0,0],"1":[0,0],"2":[0,0],"3":[0,0],"4":[0,0],"5":[0,0],"6":[0,0]}}
,"D:\\KinRaiDee\\KinRaiDee\\components\\array-shuffle.js": {"path":"D:\\KinRaiDee\\KinRaiDee\\components\\array-shuffle.js","statementMap":{"0":{"start":{"line":2,"column":1},"end":{"line":4,"column":2}},"1":{"start":{"line":3,"column":2},"end":{"line":3,"column":64}},"2":{"start":{"line":6,"column":1},"end":{"line":8,"column":2}},"3":{"start":{"line":7,"column":2},"end":{"line":7,"column":12}},"4":{"start":{"line":10,"column":1},"end":{"line":10,"column":20}},"5":{"start":{"line":12,"column":1},"end":{"line":15,"column":2}},"6":{"start":{"line":12,"column":18},"end":{"line":12,"column":34}},"7":{"start":{"line":13,"column":19},"end":{"line":13,"column":58}},"8":{"start":{"line":14,"column":2},"end":{"line":14,"column":68}},"9":{"start":{"line":17,"column":1},"end":{"line":17,"column":14}}},"fnMap":{"0":{"name":"arrayShuffle","decl":{"start":{"line":1,"column":24},"end":{"line":1,"column":36}},"loc":{"start":{"line":1,"column":44},"end":{"line":18,"column":1}},"line":1}},"branchMap":{"0":{"loc":{"start":{"line":2,"column":1},"end":{"line":4,"column":2}},"type":"if","locations":[{"start":{"line":2,"column":1},"end":{"line":4,"column":2}},{"start":{},"end":{}}],"line":2},"1":{"loc":{"start":{"line":6,"column":1},"end":{"line":8,"column":2}},"type":"if","locations":[{"start":{"line":6,"column":1},"end":{"line":8,"column":2}},{"start":{},"end":{}}],"line":6}},"s":{"0":0,"1":0,"2":0,"3":0,"4":0,"5":0,"6":0,"7":0,"8":0,"9":0},"f":{"0":0},"b":{"0":[0,0],"1":[0,0]}}
,"D:\\KinRaiDee\\KinRaiDee\\components\\jsonFilter.js": {"path":"D:\\KinRaiDee\\KinRaiDee\\components\\jsonFilter.js","statementMap":{},"fnMap":{},"branchMap":{},"s":{},"f":{},"b":{}}
,"D:\\KinRaiDee\\KinRaiDee\\components\\phoneCall.js": {"path":"D:\\KinRaiDee\\KinRaiDee\\components\\phoneCall.js","statementMap":{"0":{"start":{"line":3,"column":0},"end":{"line":3,"column":39}}},"fnMap":{},"branchMap":{},"s":{"0":0},"f":{},"b":{}}
,"D:\\KinRaiDee\\KinRaiDee\\constant\\Colors.js": {"path":"D:\\KinRaiDee\\KinRaiDee\\constant\\Colors.js","statementMap":{"0":{"start":{"line":1,"column":15},"end":{"line":5,"column":1}}},"fnMap":{},"branchMap":{},"s":{"0":0},"f":{},"b":{}}
,"D:\\KinRaiDee\\KinRaiDee\\constant\\EssentialQuestion.js": {"path":"D:\\KinRaiDee\\KinRaiDee\\constant\\EssentialQuestion.js","statementMap":{"0":{"start":{"line":7,"column":17},"end":{"line":7,"column":19}},"1":{"start":{"line":8,"column":11},"end":{"line":8,"column":13}},"2":{"start":{"line":9,"column":15},"end":{"line":9,"column":17}},"3":{"start":{"line":10,"column":17},"end":{"line":10,"column":19}},"4":{"start":{"line":11,"column":17},"end":{"line":11,"column":19}},"5":{"start":{"line":12,"column":18},"end":{"line":12,"column":20}},"6":{"start":{"line":15,"column":0},"end":{"line":15,"column":68}},"7":{"start":{"line":16,"column":0},"end":{"line":16,"column":17}},"8":{"start":{"line":17,"column":0},"end":{"line":17,"column":25}},"9":{"start":{"line":18,"column":0},"end":{"line":18,"column":20}},"10":{"start":{"line":19,"column":0},"end":{"line":19,"column":23}},"11":{"start":{"line":20,"column":0},"end":{"line":20,"column":22}},"12":{"start":{"line":23,"column":0},"end":{"line":23,"column":64}},"13":{"start":{"line":24,"column":0},"end":{"line":24,"column":20}},"14":{"start":{"line":25,"column":0},"end":{"line":25,"column":20}},"15":{"start":{"line":26,"column":0},"end":{"line":26,"column":24}},"16":{"start":{"line":27,"column":0},"end":{"line":27,"column":21}},"17":{"start":{"line":28,"column":0},"end":{"line":28,"column":24}}},"fnMap":{},"branchMap":{},"s":{"0":0,"1":0,"2":0,"3":0,"4":0,"5":0,"6":0,"7":0,"8":0,"9":0,"10":0,"11":0,"12":0,"13":0,"14":0,"15":0,"16":0,"17":0},"f":{},"b":{}}
,"D:\\KinRaiDee\\KinRaiDee\\constant\\FilterQuestion.js": {"path":"D:\\KinRaiDee\\KinRaiDee\\constant\\FilterQuestion.js","statementMap":{"0":{"start":{"line":8,"column":27},"end":{"line":8,"column":29}},"1":{"start":{"line":8,"column":52},"end":{"line":8,"column":54}},"2":{"start":{"line":9,"column":21},"end":{"line":9,"column":23}},"3":{"start":{"line":9,"column":41},"end":{"line":9,"column":43}},"4":{"start":{"line":10,"column":19},"end":{"line":10,"column":21}},"5":{"start":{"line":10,"column":37},"end":{"line":10,"column":39}},"6":{"start":{"line":11,"column":18},"end":{"line":11,"column":20}},"7":{"start":{"line":11,"column":35},"end":{"line":11,"column":37}},"8":{"start":{"line":14,"column":17},"end":{"line":14,"column":19}},"9":{"start":{"line":15,"column":13},"end":{"line":15,"column":15}},"10":{"start":{"line":16,"column":12},"end":{"line":16,"column":14}},"11":{"start":{"line":17,"column":12},"end":{"line":17,"column":14}},"12":{"start":{"line":21,"column":0},"end":{"line":21,"column":82}},"13":{"start":{"line":25,"column":0},"end":{"line":25,"column":78}},"14":{"start":{"line":26,"column":0},"end":{"line":26,"column":80}},"15":{"start":{"line":27,"column":0},"end":{"line":27,"column":72}},"16":{"start":{"line":28,"column":0},"end":{"line":28,"column":76}},"17":{"start":{"line":30,"column":0},"end":{"line":30,"column":69}},"18":{"start":{"line":31,"column":0},"end":{"line":31,"column":69}},"19":{"start":{"line":32,"column":0},"end":{"line":32,"column":71}},"20":{"start":{"line":33,"column":0},"end":{"line":33,"column":69}},"21":{"start":{"line":34,"column":0},"end":{"line":34,"column":73}},"22":{"start":{"line":35,"column":0},"end":{"line":35,"column":74}},"23":{"start":{"line":36,"column":0},"end":{"line":36,"column":80}},"24":{"start":{"line":37,"column":0},"end":{"line":37,"column":78}},"25":{"start":{"line":38,"column":0},"end":{"line":38,"column":79}},"26":{"start":{"line":39,"column":0},"end":{"line":39,"column":76}},"27":{"start":{"line":40,"column":0},"end":{"line":40,"column":74}},"28":{"start":{"line":41,"column":0},"end":{"line":41,"column":76}},"29":{"start":{"line":42,"column":0},"end":{"line":42,"column":72}},"30":{"start":{"line":43,"column":0},"end":{"line":43,"column":74}},"31":{"start":{"line":44,"column":0},"end":{"line":44,"column":83}},"32":{"start":{"line":49,"column":0},"end":{"line":49,"column":72}},"33":{"start":{"line":55,"column":0},"end":{"line":55,"column":68}},"34":{"start":{"line":56,"column":0},"end":{"line":56,"column":68}},"35":{"start":{"line":57,"column":0},"end":{"line":57,"column":72}},"36":{"start":{"line":63,"column":0},"end":{"line":63,"column":64}},"37":{"start":{"line":64,"column":0},"end":{"line":64,"column":63}},"38":{"start":{"line":65,"column":0},"end":{"line":65,"column":71}}},"fnMap":{},"branchMap":{},"s":{"0":0,"1":0,"2":0,"3":0,"4":0,"5":0,"6":0,"7":0,"8":0,"9":0,"10":0,"11":0,"12":0,"13":0,"14":0,"15":0,"16":0,"17":0,"18":0,"19":0,"20":0,"21":0,"22":0,"23":0,"24":0,"25":0,"26":0,"27":0,"28":0,"29":0,"30":0,"31":0,"32":0,"33":0,"34":0,"35":0,"36":0,"37":0,"38":0},"f":{},"b":{}}
,"D:\\KinRaiDee\\KinRaiDee\\constant\\LoadFont.js": {"path":"D:\\KinRaiDee\\KinRaiDee\\constant\\LoadFont.js","statementMap":{"0":{"start":{"line":3,"column":19},"end":{"line":20,"column":1}},"1":{"start":{"line":22,"column":0},"end":{"line":22,"column":31}}},"fnMap":{},"branchMap":{},"s":{"0":0,"1":0},"f":{},"b":{}}
,"D:\\KinRaiDee\\KinRaiDee\\constant\\QuestionAndChoiceDirection.js": {"path":"D:\\KinRaiDee\\KinRaiDee\\constant\\QuestionAndChoiceDirection.js","statementMap":{"0":{"start":{"line":1,"column":17},"end":{"line":1,"column":19}},"1":{"start":{"line":2,"column":0},"end":{"line":2,"column":68}},"2":{"start":{"line":3,"column":0},"end":{"line":3,"column":28}},"3":{"start":{"line":4,"column":0},"end":{"line":4,"column":28}},"4":{"start":{"line":5,"column":0},"end":{"line":5,"column":28}},"5":{"start":{"line":7,"column":15},"end":{"line":7,"column":17}},"6":{"start":{"line":8,"column":0},"end":{"line":8,"column":25}},"7":{"start":{"line":9,"column":0},"end":{"line":9,"column":19}},"8":{"start":{"line":10,"column":0},"end":{"line":10,"column":19}},"9":{"start":{"line":11,"column":0},"end":{"line":11,"column":19}},"10":{"start":{"line":13,"column":17},"end":{"line":13,"column":19}},"11":{"start":{"line":14,"column":0},"end":{"line":14,"column":20}},"12":{"start":{"line":15,"column":0},"end":{"line":15,"column":21}},"13":{"start":{"line":16,"column":0},"end":{"line":16,"column":21}},"14":{"start":{"line":17,"column":0},"end":{"line":17,"column":21}},"15":{"start":{"line":19,"column":17},"end":{"line":19,"column":19}},"16":{"start":{"line":20,"column":0},"end":{"line":20,"column":23}},"17":{"start":{"line":21,"column":0},"end":{"line":21,"column":21}},"18":{"start":{"line":22,"column":0},"end":{"line":22,"column":21}},"19":{"start":{"line":23,"column":0},"end":{"line":23,"column":21}},"20":{"start":{"line":25,"column":18},"end":{"line":25,"column":20}},"21":{"start":{"line":26,"column":0},"end":{"line":26,"column":22}},"22":{"start":{"line":27,"column":0},"end":{"line":27,"column":22}},"23":{"start":{"line":28,"column":0},"end":{"line":28,"column":22}},"24":{"start":{"line":29,"column":0},"end":{"line":29,"column":22}}},"fnMap":{},"branchMap":{},"s":{"0":0,"1":0,"2":0,"3":0,"4":0,"5":0,"6":0,"7":0,"8":0,"9":0,"10":0,"11":0,"12":0,"13":0,"14":0,"15":0,"16":0,"17":0,"18":0,"19":0,"20":0,"21":0,"22":0,"23":0,"24":0},"f":{},"b":{}}
,"D:\\KinRaiDee\\KinRaiDee\\constant\\textToSpeech.js": {"path":"D:\\KinRaiDee\\KinRaiDee\\constant\\textToSpeech.js","statementMap":{"0":{"start":{"line":4,"column":2},"end":{"line":9,"column":3}},"1":{"start":{"line":5,"column":4},"end":{"line":5,"column":18}},"2":{"start":{"line":6,"column":4},"end":{"line":6,"column":16}},"3":{"start":{"line":8,"column":4},"end":{"line":8,"column":17}},"4":{"start":{"line":13,"column":2},"end":{"line":13,"column":14}},"5":{"start":{"line":17,"column":2},"end":{"line":17,"column":22}},"6":{"start":{"line":18,"column":2},"end":{"line":25,"column":3}},"7":{"start":{"line":19,"column":4},"end":{"line":19,"column":27}},"8":{"start":{"line":20,"column":4},"end":{"line":20,"column":39}},"9":{"start":{"line":21,"column":4},"end":{"line":21,"column":43}},"10":{"start":{"line":22,"column":4},"end":{"line":22,"column":43}},"11":{"start":{"line":23,"column":4},"end":{"line":23,"column":45}},"12":{"start":{"line":24,"column":4},"end":{"line":24,"column":62}},"13":{"start":{"line":29,"column":2},"end":{"line":29,"column":22}},"14":{"start":{"line":31,"column":2},"end":{"line":35,"column":3}},"15":{"start":{"line":32,"column":4},"end":{"line":32,"column":27}},"16":{"start":{"line":33,"column":4},"end":{"line":33,"column":39}},"17":{"start":{"line":34,"column":4},"end":{"line":34,"column":42}},"18":{"start":{"line":39,"column":2},"end":{"line":39,"column":22}},"19":{"start":{"line":40,"column":2},"end":{"line":44,"column":3}},"20":{"start":{"line":41,"column":4},"end":{"line":41,"column":27}},"21":{"start":{"line":42,"column":4},"end":{"line":42,"column":36}},"22":{"start":{"line":43,"column":4},"end":{"line":43,"column":39}},"23":{"start":{"line":48,"column":2},"end":{"line":48,"column":22}},"24":{"start":{"line":49,"column":2},"end":{"line":62,"column":3}},"25":{"start":{"line":50,"column":4},"end":{"line":50,"column":39}},"26":{"start":{"line":51,"column":4},"end":{"line":51,"column":23}},"27":{"start":{"line":52,"column":4},"end":{"line":52,"column":35}},"28":{"start":{"line":53,"column":4},"end":{"line":53,"column":50}},"29":{"start":{"line":54,"column":4},"end":{"line":54,"column":45}},"30":{"start":{"line":55,"column":4},"end":{"line":55,"column":53}},"31":{"start":{"line":56,"column":4},"end":{"line":58,"column":5}},"32":{"start":{"line":57,"column":8},"end":{"line":57,"column":50}},"33":{"start":{"line":59,"column":4},"end":{"line":59,"column":47}}},"fnMap":{"0":{"name":"stopPreviousVoice","decl":{"start":{"line":3,"column":9},"end":{"line":3,"column":26}},"loc":{"start":{"line":3,"column":29},"end":{"line":10,"column":1}},"line":3},"1":{"name":"reTrue","decl":{"start":{"line":12,"column":9},"end":{"line":12,"column":15}},"loc":{"start":{"line":12,"column":17},"end":{"line":14,"column":1}},"line":12},"2":{"name":"fourWayQuestion","decl":{"start":{"line":16,"column":9},"end":{"line":16,"column":24}},"loc":{"start":{"line":16,"column":58},"end":{"line":26,"column":1}},"line":16},"3":{"name":"confirmQuestion","decl":{"start":{"line":28,"column":9},"end":{"line":28,"column":24}},"loc":{"start":{"line":28,"column":35},"end":{"line":36,"column":1}},"line":28},"4":{"name":"twoWayQuestion","decl":{"start":{"line":38,"column":9},"end":{"line":38,"column":23}},"loc":{"start":{"line":38,"column":34},"end":{"line":45,"column":1}},"line":38},"5":{"name":"resultReading","decl":{"start":{"line":47,"column":9},"end":{"line":47,"column":22}},"loc":{"start":{"line":47,"column":46},"end":{"line":63,"column":1}},"line":47}},"branchMap":{"0":{"loc":{"start":{"line":4,"column":2},"end":{"line":9,"column":3}},"type":"if","locations":[{"start":{"line":4,"column":2},"end":{"line":9,"column":3}},{"start":{"line":7,"column":9},"end":{"line":9,"column":3}}],"line":4},"1":{"loc":{"start":{"line":18,"column":2},"end":{"line":25,"column":3}},"type":"if","locations":[{"start":{"line":18,"column":2},"end":{"line":25,"column":3}},{"start":{},"end":{}}],"line":18},"2":{"loc":{"start":{"line":31,"column":2},"end":{"line":35,"column":3}},"type":"if","locations":[{"start":{"line":31,"column":2},"end":{"line":35,"column":3}},{"start":{},"end":{}}],"line":31},"3":{"loc":{"start":{"line":40,"column":2},"end":{"line":44,"column":3}},"type":"if","locations":[{"start":{"line":40,"column":2},"end":{"line":44,"column":3}},{"start":{},"end":{}}],"line":40},"4":{"loc":{"start":{"line":49,"column":2},"end":{"line":62,"column":3}},"type":"if","locations":[{"start":{"line":49,"column":2},"end":{"line":62,"column":3}},{"start":{},"end":{}}],"line":49},"5":{"loc":{"start":{"line":56,"column":4},"end":{"line":58,"column":5}},"type":"if","locations":[{"start":{"line":56,"column":4},"end":{"line":58,"column":5}},{"start":{},"end":{}}],"line":56}},"s":{"0":0,"1":0,"2":0,"3":0,"4":0,"5":0,"6":0,"7":0,"8":0,"9":0,"10":0,"11":0,"12":0,"13":0,"14":0,"15":0,"16":0,"17":0,"18":0,"19":0,"20":0,"21":0,"22":0,"23":0,"24":0,"25":0,"26":0,"27":0,"28":0,"29":0,"30":0,"31":0,"32":0,"33":0},"f":{"0":0,"1":0,"2":0,"3":0,"4":0,"5":0},"b":{"0":[0,0],"1":[0,0],"2":[0,0],"3":[0,0],"4":[0,0],"5":[0,0]}}
,"D:\\KinRaiDee\\KinRaiDee\\screens\\ConfirmBeforeFetch.js": {"path":"D:\\KinRaiDee\\KinRaiDee\\screens\\ConfirmBeforeFetch.js","statementMap":{"0":{"start":{"line":15,"column":48},"end":{"line":15,"column":60}},"1":{"start":{"line":19,"column":21},"end":{"line":19,"column":71}},"2":{"start":{"line":20,"column":4},"end":{"line":23,"column":5}},"3":{"start":{"line":21,"column":6},"end":{"line":21,"column":62}},"4":{"start":{"line":22,"column":6},"end":{"line":22,"column":13}},"5":{"start":{"line":25,"column":21},"end":{"line":28,"column":6}},"6":{"start":{"line":29,"column":4},"end":{"line":29,"column":33}},"7":{"start":{"line":36,"column":17},"end":{"line":39,"column":3}},"8":{"start":{"line":43,"column":44},"end":{"line":43,"column":55}},"9":{"start":{"line":47,"column":4},"end":{"line":47,"column":25}},"10":{"start":{"line":52,"column":4},"end":{"line":52,"column":18}},"11":{"start":{"line":53,"column":4},"end":{"line":53,"column":24}},"12":{"start":{"line":61,"column":2},"end":{"line":63,"column":3}},"13":{"start":{"line":62,"column":4},"end":{"line":62,"column":18}},"14":{"start":{"line":65,"column":2},"end":{"line":65,"column":73}},"15":{"start":{"line":66,"column":2},"end":{"line":66,"column":37}},"16":{"start":{"line":67,"column":2},"end":{"line":67,"column":40}},"17":{"start":{"line":73,"column":4},"end":{"line":123,"column":24}},"18":{"start":{"line":127,"column":2},"end":{"line":149,"column":3}},"19":{"start":{"line":128,"column":4},"end":{"line":133,"column":6}},"20":{"start":{"line":135,"column":4},"end":{"line":145,"column":5}},"21":{"start":{"line":137,"column":6},"end":{"line":144,"column":8}},"22":{"start":{"line":147,"column":9},"end":{"line":149,"column":3}},"23":{"start":{"line":148,"column":4},"end":{"line":148,"column":37}},"24":{"start":{"line":151,"column":2},"end":{"line":151,"column":24}},"25":{"start":{"line":156,"column":15},"end":{"line":253,"column":2}}},"fnMap":{"0":{"name":"ConfirmBeforeFetch","decl":{"start":{"line":12,"column":9},"end":{"line":12,"column":27}},"loc":{"start":{"line":12,"column":46},"end":{"line":152,"column":1}},"line":12},"1":{"name":"getLocation","decl":{"start":{"line":18,"column":17},"end":{"line":18,"column":28}},"loc":{"start":{"line":18,"column":31},"end":{"line":30,"column":3}},"line":18},"2":{"name":"SwipeUpHandler","decl":{"start":{"line":45,"column":11},"end":{"line":45,"column":25}},"loc":{"start":{"line":45,"column":28},"end":{"line":48,"column":3}},"line":45},"3":{"name":"SwipeDownHandler","decl":{"start":{"line":50,"column":11},"end":{"line":50,"column":27}},"loc":{"start":{"line":50,"column":30},"end":{"line":54,"column":3}},"line":50}},"branchMap":{"0":{"loc":{"start":{"line":20,"column":4},"end":{"line":23,"column":5}},"type":"if","locations":[{"start":{"line":20,"column":4},"end":{"line":23,"column":5}},{"start":{},"end":{}}],"line":20},"1":{"loc":{"start":{"line":61,"column":2},"end":{"line":63,"column":3}},"type":"if","locations":[{"start":{"line":61,"column":2},"end":{"line":63,"column":3}},{"start":{},"end":{}}],"line":61},"2":{"loc":{"start":{"line":127,"column":2},"end":{"line":149,"column":3}},"type":"if","locations":[{"start":{"line":127,"column":2},"end":{"line":149,"column":3}},{"start":{"line":147,"column":9},"end":{"line":149,"column":3}}],"line":127},"3":{"loc":{"start":{"line":135,"column":4},"end":{"line":145,"column":5}},"type":"if","locations":[{"start":{"line":135,"column":4},"end":{"line":145,"column":5}},{"start":{},"end":{}}],"line":135},"4":{"loc":{"start":{"line":147,"column":9},"end":{"line":149,"column":3}},"type":"if","locations":[{"start":{"line":147,"column":9},"end":{"line":149,"column":3}},{"start":{},"end":{}}],"line":147}},"s":{"0":0,"1":0,"2":0,"3":0,"4":0,"5":0,"6":0,"7":0,"8":0,"9":0,"10":0,"11":0,"12":0,"13":0,"14":0,"15":0,"16":0,"17":0,"18":0,"19":0,"20":0,"21":0,"22":0,"23":0,"24":0,"25":0},"f":{"0":0,"1":0,"2":0,"3":0},"b":{"0":[0,0],"1":[0,0],"2":[0,0],"3":[0,0],"4":[0,0]}}
,"D:\\KinRaiDee\\KinRaiDee\\screens\\DisplayResultScreen.js": {"path":"D:\\KinRaiDee\\KinRaiDee\\screens\\DisplayResultScreen.js","statementMap":{"0":{"start":{"line":15,"column":17},"end":{"line":18,"column":3}},"1":{"start":{"line":21,"column":4},"end":{"line":21,"column":36}},"2":{"start":{"line":22,"column":4},"end":{"line":22,"column":46}},"3":{"start":{"line":26,"column":4},"end":{"line":26,"column":22}},"4":{"start":{"line":31,"column":4},"end":{"line":33,"column":5}},"5":{"start":{"line":32,"column":6},"end":{"line":32,"column":43}},"6":{"start":{"line":38,"column":4},"end":{"line":40,"column":6}},"7":{"start":{"line":55,"column":19},"end":{"line":55,"column":21}},"8":{"start":{"line":56,"column":17},"end":{"line":56,"column":36}},"9":{"start":{"line":57,"column":2},"end":{"line":57,"column":27}},"10":{"start":{"line":59,"column":11},"end":{"line":59,"column":51}},"11":{"start":{"line":60,"column":2},"end":{"line":60,"column":18}},"12":{"start":{"line":62,"column":2},"end":{"line":62,"column":44}},"13":{"start":{"line":64,"column":2},"end":{"line":69,"column":3}},"14":{"start":{"line":65,"column":4},"end":{"line":68,"column":5}},"15":{"start":{"line":66,"column":6},"end":{"line":66,"column":61}},"16":{"start":{"line":67,"column":6},"end":{"line":67,"column":37}},"17":{"start":{"line":74,"column":19},"end":{"line":74,"column":21}},"18":{"start":{"line":76,"column":4},"end":{"line":104,"column":5}},"19":{"start":{"line":76,"column":17},"end":{"line":76,"column":18}},"20":{"start":{"line":77,"column":6},"end":{"line":103,"column":7}},"21":{"start":{"line":79,"column":16},"end":{"line":82,"column":9}},"22":{"start":{"line":85,"column":8},"end":{"line":92,"column":9}},"23":{"start":{"line":86,"column":10},"end":{"line":86,"column":33}},"24":{"start":{"line":90,"column":10},"end":{"line":90,"column":25}},"25":{"start":{"line":91,"column":10},"end":{"line":91,"column":70}},"26":{"start":{"line":95,"column":16},"end":{"line":95,"column":75}},"27":{"start":{"line":96,"column":8},"end":{"line":102,"column":9}},"28":{"start":{"line":97,"column":10},"end":{"line":97,"column":33}},"29":{"start":{"line":99,"column":10},"end":{"line":101,"column":12}},"30":{"start":{"line":105,"column":4},"end":{"line":105,"column":20}},"31":{"start":{"line":123,"column":2},"end":{"line":123,"column":26}},"32":{"start":{"line":128,"column":21},"end":{"line":128,"column":23}},"33":{"start":{"line":129,"column":2},"end":{"line":155,"column":5}},"34":{"start":{"line":138,"column":15},"end":{"line":138,"column":68}},"35":{"start":{"line":139,"column":13},"end":{"line":139,"column":60}},"36":{"start":{"line":140,"column":15},"end":{"line":140,"column":64}},"37":{"start":{"line":141,"column":16},"end":{"line":141,"column":66}},"38":{"start":{"line":142,"column":16},"end":{"line":142,"column":70}},"39":{"start":{"line":144,"column":14},"end":{"line":144,"column":71}},"40":{"start":{"line":145,"column":14},"end":{"line":145,"column":71}},"41":{"start":{"line":146,"column":4},"end":{"line":154,"column":7}},"42":{"start":{"line":162,"column":2},"end":{"line":189,"column":3}},"43":{"start":{"line":164,"column":4},"end":{"line":174,"column":7}},"44":{"start":{"line":165,"column":14},"end":{"line":165,"column":34}},"45":{"start":{"line":166,"column":14},"end":{"line":166,"column":34}},"46":{"start":{"line":167,"column":6},"end":{"line":169,"column":7}},"47":{"start":{"line":168,"column":8},"end":{"line":168,"column":18}},"48":{"start":{"line":170,"column":6},"end":{"line":172,"column":7}},"49":{"start":{"line":171,"column":8},"end":{"line":171,"column":17}},"50":{"start":{"line":173,"column":6},"end":{"line":173,"column":15}},"51":{"start":{"line":176,"column":9},"end":{"line":189,"column":3}},"52":{"start":{"line":178,"column":4},"end":{"line":180,"column":6}},"53":{"start":{"line":179,"column":16},"end":{"line":179,"column":57}},"54":{"start":{"line":182,"column":9},"end":{"line":189,"column":3}},"55":{"start":{"line":184,"column":4},"end":{"line":184,"column":49}},"56":{"start":{"line":188,"column":4},"end":{"line":188,"column":35}},"57":{"start":{"line":191,"column":2},"end":{"line":199,"column":5}},"58":{"start":{"line":202,"column":2},"end":{"line":202,"column":38}},"59":{"start":{"line":212,"column":40},"end":{"line":212,"column":51}},"60":{"start":{"line":213,"column":26},"end":{"line":213,"column":64}},"61":{"start":{"line":214,"column":2},"end":{"line":214,"column":22}},"62":{"start":{"line":215,"column":2},"end":{"line":215,"column":59}},"63":{"start":{"line":221,"column":4},"end":{"line":283,"column":24}},"64":{"start":{"line":286,"column":40},"end":{"line":286,"column":51}},"65":{"start":{"line":289,"column":2},"end":{"line":291,"column":3}},"66":{"start":{"line":290,"column":4},"end":{"line":290,"column":29}},"67":{"start":{"line":292,"column":2},"end":{"line":294,"column":3}},"68":{"start":{"line":293,"column":4},"end":{"line":293,"column":36}},"69":{"start":{"line":296,"column":2},"end":{"line":296,"column":24}},"70":{"start":{"line":301,"column":15},"end":{"line":410,"column":2}}},"fnMap":{"0":{"name":"DisplayResultScreen","decl":{"start":{"line":12,"column":9},"end":{"line":12,"column":28}},"loc":{"start":{"line":12,"column":66},"end":{"line":297,"column":1}},"line":12},"1":{"name":"SwipeUpHandler","decl":{"start":{"line":20,"column":11},"end":{"line":20,"column":25}},"loc":{"start":{"line":20,"column":28},"end":{"line":23,"column":3}},"line":20},"2":{"name":"SwipeDownHandler","decl":{"start":{"line":25,"column":11},"end":{"line":25,"column":27}},"loc":{"start":{"line":25,"column":30},"end":{"line":27,"column":3}},"line":25},"3":{"name":"SwipeLeftHandler","decl":{"start":{"line":30,"column":11},"end":{"line":30,"column":27}},"loc":{"start":{"line":30,"column":30},"end":{"line":34,"column":3}},"line":30},"4":{"name":"SwipeRightHandler","decl":{"start":{"line":37,"column":11},"end":{"line":37,"column":28}},"loc":{"start":{"line":37,"column":31},"end":{"line":41,"column":3}},"line":37},"5":{"name":"filterResult","decl":{"start":{"line":73,"column":11},"end":{"line":73,"column":23}},"loc":{"start":{"line":73,"column":47},"end":{"line":106,"column":3}},"line":73},"6":{"name":"(anonymous_6)","decl":{"start":{"line":129,"column":21},"end":{"line":129,"column":22}},"loc":{"start":{"line":129,"column":29},"end":{"line":155,"column":3}},"line":129},"7":{"name":"(anonymous_7)","decl":{"start":{"line":164,"column":40},"end":{"line":164,"column":41}},"loc":{"start":{"line":164,"column":56},"end":{"line":174,"column":5}},"line":164},"8":{"name":"(anonymous_8)","decl":{"start":{"line":179,"column":6},"end":{"line":179,"column":7}},"loc":{"start":{"line":179,"column":16},"end":{"line":179,"column":57}},"line":179}},"branchMap":{"0":{"loc":{"start":{"line":31,"column":4},"end":{"line":33,"column":5}},"type":"if","locations":[{"start":{"line":31,"column":4},"end":{"line":33,"column":5}},{"start":{},"end":{}}],"line":31},"1":{"loc":{"start":{"line":64,"column":2},"end":{"line":69,"column":3}},"type":"if","locations":[{"start":{"line":64,"column":2},"end":{"line":69,"column":3}},{"start":{},"end":{}}],"line":64},"2":{"loc":{"start":{"line":77,"column":6},"end":{"line":103,"column":7}},"type":"if","locations":[{"start":{"line":77,"column":6},"end":{"line":103,"column":7}},{"start":{"line":94,"column":13},"end":{"line":103,"column":7}}],"line":77},"3":{"loc":{"start":{"line":85,"column":8},"end":{"line":92,"column":9}},"type":"if","locations":[{"start":{"line":85,"column":8},"end":{"line":92,"column":9}},{"start":{"line":89,"column":15},"end":{"line":92,"column":9}}],"line":85},"4":{"loc":{"start":{"line":96,"column":8},"end":{"line":102,"column":9}},"type":"if","locations":[{"start":{"line":96,"column":8},"end":{"line":102,"column":9}},{"start":{"line":98,"column":15},"end":{"line":102,"column":9}}],"line":96},"5":{"loc":{"start":{"line":162,"column":2},"end":{"line":189,"column":3}},"type":"if","locations":[{"start":{"line":162,"column":2},"end":{"line":189,"column":3}},{"start":{"line":176,"column":9},"end":{"line":189,"column":3}}],"line":162},"6":{"loc":{"start":{"line":167,"column":6},"end":{"line":169,"column":7}},"type":"if","locations":[{"start":{"line":167,"column":6},"end":{"line":169,"column":7}},{"start":{},"end":{}}],"line":167},"7":{"loc":{"start":{"line":170,"column":6},"end":{"line":172,"column":7}},"type":"if","locations":[{"start":{"line":170,"column":6},"end":{"line":172,"column":7}},{"start":{},"end":{}}],"line":170},"8":{"loc":{"start":{"line":176,"column":9},"end":{"line":189,"column":3}},"type":"if","locations":[{"start":{"line":176,"column":9},"end":{"line":189,"column":3}},{"start":{"line":182,"column":9},"end":{"line":189,"column":3}}],"line":176},"9":{"loc":{"start":{"line":182,"column":9},"end":{"line":189,"column":3}},"type":"if","locations":[{"start":{"line":182,"column":9},"end":{"line":189,"column":3}},{"start":{"line":187,"column":7},"end":{"line":189,"column":3}}],"line":182},"10":{"loc":{"start":{"line":289,"column":2},"end":{"line":291,"column":3}},"type":"if","locations":[{"start":{"line":289,"column":2},"end":{"line":291,"column":3}},{"start":{},"end":{}}],"line":289},"11":{"loc":{"start":{"line":292,"column":2},"end":{"line":294,"column":3}},"type":"if","locations":[{"start":{"line":292,"column":2},"end":{"line":294,"column":3}},{"start":{},"end":{}}],"line":292}},"s":{"0":0,"1":0,"2":0,"3":0,"4":0,"5":0,"6":0,"7":0,"8":0,"9":0,"10":0,"11":0,"12":0,"13":0,"14":0,"15":0,"16":0,"17":0,"18":0,"19":0,"20":0,"21":0,"22":0,"23":0,"24":0,"25":0,"26":0,"27":0,"28":0,"29":0,"30":0,"31":0,"32":0,"33":0,"34":0,"35":0,"36":0,"37":0,"38":0,"39":0,"40":0,"41":0,"42":0,"43":0,"44":0,"45":0,"46":0,"47":0,"48":0,"49":0,"50":0,"51":0,"52":0,"53":0,"54":0,"55":0,"56":0,"57":0,"58":0,"59":0,"60":0,"61":0,"62":0,"63":0,"64":0,"65":0,"66":0,"67":0,"68":0,"69":0,"70":0},"f":{"0":0,"1":0,"2":0,"3":0,"4":0,"5":0,"6":0,"7":0,"8":0},"b":{"0":[0,0],"1":[0,0],"2":[0,0],"3":[0,0],"4":[0,0],"5":[0,0],"6":[0,0],"7":[0,0],"8":[0,0],"9":[0,0],"10":[0,0],"11":[0,0]}}
,"D:\\KinRaiDee\\KinRaiDee\\screens\\LastScreen.js": {"path":"D:\\KinRaiDee\\KinRaiDee\\screens\\LastScreen.js","statementMap":{"0":{"start":{"line":9,"column":36},"end":{"line":9,"column":46}},"1":{"start":{"line":10,"column":28},"end":{"line":12,"column":3}},"2":{"start":{"line":11,"column":4},"end":{"line":11,"column":20}},"3":{"start":{"line":15,"column":4},"end":{"line":53,"column":16}},"4":{"start":{"line":55,"column":2},"end":{"line":57,"column":3}},"5":{"start":{"line":56,"column":4},"end":{"line":56,"column":29}},"6":{"start":{"line":59,"column":2},"end":{"line":59,"column":24}},"7":{"start":{"line":64,"column":15},"end":{"line":160,"column":2}}},"fnMap":{"0":{"name":"LastScreen","decl":{"start":{"line":8,"column":9},"end":{"line":8,"column":19}},"loc":{"start":{"line":8,"column":22},"end":{"line":60,"column":1}},"line":8},"1":{"name":"(anonymous_1)","decl":{"start":{"line":10,"column":28},"end":{"line":10,"column":29}},"loc":{"start":{"line":10,"column":34},"end":{"line":12,"column":3}},"line":10}},"branchMap":{"0":{"loc":{"start":{"line":55,"column":2},"end":{"line":57,"column":3}},"type":"if","locations":[{"start":{"line":55,"column":2},"end":{"line":57,"column":3}},{"start":{},"end":{}}],"line":55}},"s":{"0":0,"1":0,"2":0,"3":0,"4":0,"5":0,"6":0,"7":0},"f":{"0":0,"1":0},"b":{"0":[0,0]}}
,"D:\\KinRaiDee\\KinRaiDee\\screens\\StartScreen.js": {"path":"D:\\KinRaiDee\\KinRaiDee\\screens\\StartScreen.js","statementMap":{"0":{"start":{"line":8,"column":36},"end":{"line":8,"column":48}},"1":{"start":{"line":9,"column":28},"end":{"line":12,"column":3}},"2":{"start":{"line":10,"column":16},"end":{"line":10,"column":19}},"3":{"start":{"line":11,"column":4},"end":{"line":11,"column":19}},"4":{"start":{"line":14,"column":2},"end":{"line":14,"column":22}},"5":{"start":{"line":15,"column":2},"end":{"line":15,"column":81}},"6":{"start":{"line":18,"column":4},"end":{"line":56,"column":16}},"7":{"start":{"line":59,"column":2},"end":{"line":59,"column":24}},"8":{"start":{"line":64,"column":15},"end":{"line":158,"column":2}}},"fnMap":{"0":{"name":"StartScreen","decl":{"start":{"line":7,"column":9},"end":{"line":7,"column":20}},"loc":{"start":{"line":7,"column":34},"end":{"line":60,"column":1}},"line":7},"1":{"name":"(anonymous_1)","decl":{"start":{"line":9,"column":28},"end":{"line":9,"column":29}},"loc":{"start":{"line":9,"column":34},"end":{"line":12,"column":3}},"line":9}},"branchMap":{},"s":{"0":0,"1":0,"2":0,"3":0,"4":0,"5":0,"6":0,"7":0,"8":0},"f":{"0":0,"1":0},"b":{}}
,"D:\\KinRaiDee\\KinRaiDee\\screens\\SwipeScreen.js": {"path":"D:\\KinRaiDee\\KinRaiDee\\screens\\SwipeScreen.js","statementMap":{"0":{"start":{"line":25,"column":17},"end":{"line":28,"column":3}},"1":{"start":{"line":32,"column":44},"end":{"line":32,"column":55}},"2":{"start":{"line":34,"column":48},"end":{"line":34,"column":69}},"3":{"start":{"line":36,"column":40},"end":{"line":36,"column":52}},"4":{"start":{"line":41,"column":4},"end":{"line":41,"column":60}},"5":{"start":{"line":42,"column":4},"end":{"line":42,"column":40}},"6":{"start":{"line":43,"column":4},"end":{"line":43,"column":52}},"7":{"start":{"line":44,"column":4},"end":{"line":44,"column":24}},"8":{"start":{"line":48,"column":4},"end":{"line":48,"column":62}},"9":{"start":{"line":49,"column":4},"end":{"line":49,"column":40}},"10":{"start":{"line":50,"column":4},"end":{"line":50,"column":52}},"11":{"start":{"line":51,"column":4},"end":{"line":51,"column":24}},"12":{"start":{"line":56,"column":4},"end":{"line":56,"column":62}},"13":{"start":{"line":57,"column":4},"end":{"line":57,"column":40}},"14":{"start":{"line":58,"column":4},"end":{"line":58,"column":52}},"15":{"start":{"line":59,"column":4},"end":{"line":59,"column":24}},"16":{"start":{"line":64,"column":4},"end":{"line":64,"column":63}},"17":{"start":{"line":65,"column":4},"end":{"line":65,"column":40}},"18":{"start":{"line":66,"column":4},"end":{"line":66,"column":52}},"19":{"start":{"line":67,"column":4},"end":{"line":67,"column":24}},"20":{"start":{"line":72,"column":4},"end":{"line":77,"column":5}},"21":{"start":{"line":73,"column":6},"end":{"line":73,"column":24}},"22":{"start":{"line":74,"column":6},"end":{"line":74,"column":42}},"23":{"start":{"line":75,"column":6},"end":{"line":75,"column":54}},"24":{"start":{"line":76,"column":6},"end":{"line":76,"column":26}},"25":{"start":{"line":87,"column":2},"end":{"line":93,"column":4}},"26":{"start":{"line":97,"column":4},"end":{"line":158,"column":11}},"27":{"start":{"line":162,"column":2},"end":{"line":166,"column":3}},"28":{"start":{"line":163,"column":4},"end":{"line":165,"column":6}},"29":{"start":{"line":169,"column":2},"end":{"line":169,"column":24}},"30":{"start":{"line":175,"column":15},"end":{"line":270,"column":2}}},"fnMap":{"0":{"name":"SwipeScreen","decl":{"start":{"line":22,"column":9},"end":{"line":22,"column":20}},"loc":{"start":{"line":22,"column":23},"end":{"line":170,"column":1}},"line":22},"1":{"name":"SwipeUpHandler","decl":{"start":{"line":40,"column":11},"end":{"line":40,"column":25}},"loc":{"start":{"line":40,"column":28},"end":{"line":45,"column":3}},"line":40},"2":{"name":"SwipeDownHandler","decl":{"start":{"line":47,"column":11},"end":{"line":47,"column":27}},"loc":{"start":{"line":47,"column":30},"end":{"line":52,"column":3}},"line":47},"3":{"name":"SwipeLeftHandler","decl":{"start":{"line":55,"column":11},"end":{"line":55,"column":27}},"loc":{"start":{"line":55,"column":30},"end":{"line":60,"column":3}},"line":55},"4":{"name":"SwipeRightHandler","decl":{"start":{"line":63,"column":11},"end":{"line":63,"column":28}},"loc":{"start":{"line":63,"column":31},"end":{"line":68,"column":3}},"line":63},"5":{"name":"DoubleTapHandler","decl":{"start":{"line":71,"column":11},"end":{"line":71,"column":27}},"loc":{"start":{"line":71,"column":30},"end":{"line":78,"column":3}},"line":71}},"branchMap":{"0":{"loc":{"start":{"line":72,"column":4},"end":{"line":77,"column":5}},"type":"if","locations":[{"start":{"line":72,"column":4},"end":{"line":77,"column":5}},{"start":{},"end":{}}],"line":72},"1":{"loc":{"start":{"line":162,"column":2},"end":{"line":166,"column":3}},"type":"if","locations":[{"start":{"line":162,"column":2},"end":{"line":166,"column":3}},{"start":{},"end":{}}],"line":162}},"s":{"0":0,"1":0,"2":0,"3":0,"4":0,"5":0,"6":0,"7":0,"8":0,"9":0,"10":0,"11":0,"12":0,"13":0,"14":0,"15":0,"16":0,"17":0,"18":0,"19":0,"20":0,"21":0,"22":0,"23":0,"24":0,"25":0,"26":0,"27":0,"28":0,"29":0,"30":0},"f":{"0":0,"1":0,"2":0,"3":0,"4":0,"5":0},"b":{"0":[0,0],"1":[0,0]}}
,"D:\\KinRaiDee\\KinRaiDee\\screens\\YesNoChoiceScreen.js": {"path":"D:\\KinRaiDee\\KinRaiDee\\screens\\YesNoChoiceScreen.js","statementMap":{"0":{"start":{"line":16,"column":44},"end":{"line":16,"column":55}},"1":{"start":{"line":18,"column":40},"end":{"line":18,"column":52}},"2":{"start":{"line":20,"column":22},"end":{"line":20,"column":26}},"3":{"start":{"line":21,"column":15},"end":{"line":21,"column":16}},"4":{"start":{"line":24,"column":4},"end":{"line":24,"column":33}},"5":{"start":{"line":28,"column":2},"end":{"line":54,"column":3}},"6":{"start":{"line":30,"column":4},"end":{"line":30,"column":15}},"7":{"start":{"line":31,"column":17},"end":{"line":31,"column":73}},"8":{"start":{"line":31,"column":31},"end":{"line":31,"column":62}},"9":{"start":{"line":32,"column":4},"end":{"line":32,"column":25}},"10":{"start":{"line":33,"column":9},"end":{"line":54,"column":3}},"11":{"start":{"line":35,"column":4},"end":{"line":35,"column":15}},"12":{"start":{"line":36,"column":17},"end":{"line":36,"column":66}},"13":{"start":{"line":36,"column":31},"end":{"line":36,"column":55}},"14":{"start":{"line":37,"column":4},"end":{"line":37,"column":25}},"15":{"start":{"line":39,"column":4},"end":{"line":39,"column":54}},"16":{"start":{"line":40,"column":9},"end":{"line":54,"column":3}},"17":{"start":{"line":42,"column":4},"end":{"line":42,"column":15}},"18":{"start":{"line":44,"column":4},"end":{"line":44,"column":27}},"19":{"start":{"line":46,"column":4},"end":{"line":46,"column":54}},"20":{"start":{"line":49,"column":4},"end":{"line":49,"column":15}},"21":{"start":{"line":50,"column":17},"end":{"line":50,"column":67}},"22":{"start":{"line":50,"column":31},"end":{"line":50,"column":56}},"23":{"start":{"line":51,"column":4},"end":{"line":51,"column":25}},"24":{"start":{"line":53,"column":4},"end":{"line":53,"column":54}},"25":{"start":{"line":56,"column":48},"end":{"line":58,"column":3}},"26":{"start":{"line":61,"column":17},"end":{"line":64,"column":3}},"27":{"start":{"line":68,"column":4},"end":{"line":70,"column":5}},"28":{"start":{"line":69,"column":6},"end":{"line":69,"column":73}},"29":{"start":{"line":71,"column":4},"end":{"line":71,"column":40}},"30":{"start":{"line":72,"column":4},"end":{"line":72,"column":57}},"31":{"start":{"line":77,"column":4},"end":{"line":79,"column":5}},"32":{"start":{"line":78,"column":6},"end":{"line":78,"column":73}},"33":{"start":{"line":80,"column":4},"end":{"line":80,"column":40}},"34":{"start":{"line":81,"column":4},"end":{"line":81,"column":57}},"35":{"start":{"line":86,"column":4},"end":{"line":90,"column":5}},"36":{"start":{"line":87,"column":6},"end":{"line":87,"column":24}},"37":{"start":{"line":88,"column":6},"end":{"line":88,"column":42}},"38":{"start":{"line":89,"column":6},"end":{"line":89,"column":59}},"39":{"start":{"line":94,"column":34},"end":{"line":94,"column":48}},"40":{"start":{"line":95,"column":26},"end":{"line":95,"column":38}},"41":{"start":{"line":97,"column":18},"end":{"line":97,"column":52}},"42":{"start":{"line":99,"column":2},"end":{"line":107,"column":3}},"43":{"start":{"line":100,"column":24},"end":{"line":100,"column":30}},"44":{"start":{"line":101,"column":9},"end":{"line":107,"column":3}},"45":{"start":{"line":102,"column":24},"end":{"line":102,"column":30}},"46":{"start":{"line":103,"column":9},"end":{"line":107,"column":3}},"47":{"start":{"line":104,"column":24},"end":{"line":104,"column":30}},"48":{"start":{"line":106,"column":24},"end":{"line":106,"column":33}},"49":{"start":{"line":109,"column":26},"end":{"line":110,"column":108}},"50":{"start":{"line":112,"column":2},"end":{"line":118,"column":9}},"51":{"start":{"line":113,"column":4},"end":{"line":117,"column":40}},"52":{"start":{"line":114,"column":26},"end":{"line":114,"column":41}},"53":{"start":{"line":115,"column":22},"end":{"line":115,"column":35}},"54":{"start":{"line":116,"column":24},"end":{"line":116,"column":44}},"55":{"start":{"line":117,"column":21},"end":{"line":117,"column":38}},"56":{"start":{"line":125,"column":2},"end":{"line":125,"column":22}},"57":{"start":{"line":126,"column":2},"end":{"line":126,"column":43}},"58":{"start":{"line":137,"column":4},"end":{"line":195,"column":24}},"59":{"start":{"line":199,"column":2},"end":{"line":217,"column":3}},"60":{"start":{"line":200,"column":4},"end":{"line":204,"column":10}},"61":{"start":{"line":205,"column":4},"end":{"line":214,"column":5}},"62":{"start":{"line":206,"column":6},"end":{"line":213,"column":8}},"63":{"start":{"line":218,"column":2},"end":{"line":218,"column":24}},"64":{"start":{"line":223,"column":15},"end":{"line":316,"column":2}}},"fnMap":{"0":{"name":"YesNoChoiceScreen","decl":{"start":{"line":14,"column":9},"end":{"line":14,"column":26}},"loc":{"start":{"line":14,"column":55},"end":{"line":219,"column":1}},"line":14},"1":{"name":"returnQuestionArray","decl":{"start":{"line":23,"column":11},"end":{"line":23,"column":30}},"loc":{"start":{"line":23,"column":40},"end":{"line":25,"column":3}},"line":23},"2":{"name":"(anonymous_2)","decl":{"start":{"line":31,"column":25},"end":{"line":31,"column":26}},"loc":{"start":{"line":31,"column":31},"end":{"line":31,"column":62}},"line":31},"3":{"name":"(anonymous_3)","decl":{"start":{"line":36,"column":25},"end":{"line":36,"column":26}},"loc":{"start":{"line":36,"column":31},"end":{"line":36,"column":55}},"line":36},"4":{"name":"(anonymous_4)","decl":{"start":{"line":50,"column":25},"end":{"line":50,"column":26}},"loc":{"start":{"line":50,"column":31},"end":{"line":50,"column":56}},"line":50},"5":{"name":"SwipeUpHandler","decl":{"start":{"line":66,"column":11},"end":{"line":66,"column":25}},"loc":{"start":{"line":66,"column":28},"end":{"line":73,"column":3}},"line":66},"6":{"name":"SwipeDownHandler","decl":{"start":{"line":75,"column":11},"end":{"line":75,"column":27}},"loc":{"start":{"line":75,"column":30},"end":{"line":82,"column":3}},"line":75},"7":{"name":"DoubleTapHandler","decl":{"start":{"line":84,"column":11},"end":{"line":84,"column":27}},"loc":{"start":{"line":84,"column":30},"end":{"line":91,"column":3}},"line":84},"8":{"name":"(anonymous_8)","decl":{"start":{"line":112,"column":12},"end":{"line":112,"column":13}},"loc":{"start":{"line":112,"column":18},"end":{"line":118,"column":3}},"line":112},"9":{"name":"(anonymous_9)","decl":{"start":{"line":114,"column":12},"end":{"line":114,"column":13}},"loc":{"start":{"line":114,"column":26},"end":{"line":114,"column":41}},"line":114},"10":{"name":"(anonymous_10)","decl":{"start":{"line":115,"column":12},"end":{"line":115,"column":13}},"loc":{"start":{"line":115,"column":22},"end":{"line":115,"column":35}},"line":115},"11":{"name":"(anonymous_11)","decl":{"start":{"line":116,"column":13},"end":{"line":116,"column":14}},"loc":{"start":{"line":116,"column":24},"end":{"line":116,"column":44}},"line":116},"12":{"name":"(anonymous_12)","decl":{"start":{"line":117,"column":15},"end":{"line":117,"column":16}},"loc":{"start":{"line":117,"column":21},"end":{"line":117,"column":38}},"line":117}},"branchMap":{"0":{"loc":{"start":{"line":28,"column":2},"end":{"line":54,"column":3}},"type":"if","locations":[{"start":{"line":28,"column":2},"end":{"line":54,"column":3}},{"start":{"line":33,"column":9},"end":{"line":54,"column":3}}],"line":28},"1":{"loc":{"start":{"line":33,"column":9},"end":{"line":54,"column":3}},"type":"if","locations":[{"start":{"line":33,"column":9},"end":{"line":54,"column":3}},{"start":{"line":40,"column":9},"end":{"line":54,"column":3}}],"line":33},"2":{"loc":{"start":{"line":40,"column":9},"end":{"line":54,"column":3}},"type":"if","locations":[{"start":{"line":40,"column":9},"end":{"line":54,"column":3}},{"start":{"line":47,"column":9},"end":{"line":54,"column":3}}],"line":40},"3":{"loc":{"start":{"line":68,"column":4},"end":{"line":70,"column":5}},"type":"if","locations":[{"start":{"line":68,"column":4},"end":{"line":70,"column":5}},{"start":{},"end":{}}],"line":68},"4":{"loc":{"start":{"line":77,"column":4},"end":{"line":79,"column":5}},"type":"if","locations":[{"start":{"line":77,"column":4},"end":{"line":79,"column":5}},{"start":{},"end":{}}],"line":77},"5":{"loc":{"start":{"line":86,"column":4},"end":{"line":90,"column":5}},"type":"if","locations":[{"start":{"line":86,"column":4},"end":{"line":90,"column":5}},{"start":{},"end":{}}],"line":86},"6":{"loc":{"start":{"line":99,"column":2},"end":{"line":107,"column":3}},"type":"if","locations":[{"start":{"line":99,"column":2},"end":{"line":107,"column":3}},{"start":{"line":101,"column":9},"end":{"line":107,"column":3}}],"line":99},"7":{"loc":{"start":{"line":101,"column":9},"end":{"line":107,"column":3}},"type":"if","locations":[{"start":{"line":101,"column":9},"end":{"line":107,"column":3}},{"start":{"line":103,"column":9},"end":{"line":107,"column":3}}],"line":101},"8":{"loc":{"start":{"line":103,"column":9},"end":{"line":107,"column":3}},"type":"if","locations":[{"start":{"line":103,"column":9},"end":{"line":107,"column":3}},{"start":{"line":105,"column":9},"end":{"line":107,"column":3}}],"line":103},"9":{"loc":{"start":{"line":199,"column":2},"end":{"line":217,"column":3}},"type":"if","locations":[{"start":{"line":199,"column":2},"end":{"line":217,"column":3}},{"start":{},"end":{}}],"line":199},"10":{"loc":{"start":{"line":205,"column":4},"end":{"line":214,"column":5}},"type":"if","locations":[{"start":{"line":205,"column":4},"end":{"line":214,"column":5}},{"start":{},"end":{}}],"line":205}},"s":{"0":0,"1":0,"2":0,"3":0,"4":0,"5":0,"6":0,"7":0,"8":0,"9":0,"10":0,"11":0,"12":0,"13":0,"14":0,"15":0,"16":0,"17":0,"18":0,"19":0,"20":0,"21":0,"22":0,"23":0,"24":0,"25":0,"26":0,"27":0,"28":0,"29":0,"30":0,"31":0,"32":0,"33":0,"34":0,"35":0,"36":0,"37":0,"38":0,"39":0,"40":0,"41":0,"42":0,"43":0,"44":0,"45":0,"46":0,"47":0,"48":0,"49":0,"50":0,"51":0,"52":0,"53":0,"54":0,"55":0,"56":0,"57":0,"58":0,"59":0,"60":0,"61":0,"62":0,"63":0,"64":0},"f":{"0":0,"1":0,"2":0,"3":0,"4":0,"5":0,"6":0,"7":0,"8":0,"9":0,"10":0,"11":0,"12":0},"b":{"0":[0,0],"1":[0,0],"2":[0,0],"3":[0,0],"4":[0,0],"5":[0,0],"6":[0,0],"7":[0,0],"8":[0,0],"9":[0,0],"10":[0,0]}}
}
