TN:
SF:App.js
FN:8,App
FN:17,StartHandler
FNF:2
FNH:0
FNDA:0,App
FNDA:0,StartHandler
DA:9,0
DA:11,0
DA:18,0
DA:21,0
DA:23,0
DA:24,0
DA:28,0
DA:29,0
DA:36,0
DA:39,0
LF:10
LH:0
BRDA:23,0,0,0
BRDA:23,0,1,0
BRDA:28,1,0,0
BRDA:28,1,1,0
BRF:4
BRH:0
end_of_record
TN:
SF:components\DoubleTap.js
FN:6,(anonymous_0)
FN:19,(anonymous_1)
FN:28,(anonymous_2)
FN:53,(anonymous_3)
FN:61,(anonymous_4)
FNF:5
FNH:0
FNDA:0,(anonymous_0)
FNDA:0,(anonymous_1)
FNDA:0,(anonymous_2)
FNDA:0,(anonymous_3)
FNDA:0,(anonymous_4)
DA:7,0
DA:10,0
DA:12,0
DA:14,0
DA:16,0
DA:19,0
DA:21,0
DA:23,0
DA:25,0
DA:28,0
DA:30,0
DA:33,0
DA:37,0
DA:40,0
DA:42,0
DA:45,0
DA:48,0
DA:54,0
DA:63,0
LF:19
LH:0
BRDA:10,0,0,0
BRDA:10,0,1,0
BRDA:23,1,0,0
BRDA:23,1,1,0
BRDA:30,2,0,0
BRDA:30,2,1,0
BRDA:40,3,0,0
BRDA:40,3,1,0
BRDA:42,4,0,0
BRDA:42,4,1,0
BRDA:45,5,0,0
BRDA:45,5,1,0
BRDA:63,6,0,0
BRDA:63,6,1,0
BRF:14
BRH:0
end_of_record
TN:
SF:components\array-shuffle.js
FN:1,arrayShuffle
FNF:1
FNH:0
FNDA:0,arrayShuffle
DA:2,0
DA:3,0
DA:6,0
DA:7,0
DA:10,0
DA:12,0
DA:13,0
DA:14,0
DA:17,0
LF:9
LH:0
BRDA:2,0,0,0
BRDA:2,0,1,0
BRDA:6,1,0,0
BRDA:6,1,1,0
BRF:4
BRH:0
end_of_record
TN:
SF:components\jsonFilter.js
FNF:0
FNH:0
LF:0
LH:0
BRF:0
BRH:0
end_of_record
TN:
SF:components\phoneCall.js
FNF:0
FNH:0
DA:3,0
LF:1
LH:0
BRF:0
BRH:0
end_of_record
TN:
SF:constant\Colors.js
FNF:0
FNH:0
DA:1,0
LF:1
LH:0
BRF:0
BRH:0
end_of_record
TN:
SF:constant\EssentialQuestion.js
FNF:0
FNH:0
DA:7,0
DA:8,0
DA:9,0
DA:10,0
DA:11,0
DA:12,0
DA:15,0
DA:16,0
DA:17,0
DA:18,0
DA:19,0
DA:20,0
DA:23,0
DA:24,0
DA:25,0
DA:26,0
DA:27,0
DA:28,0
LF:18
LH:0
BRF:0
BRH:0
end_of_record
TN:
SF:constant\FilterQuestion.js
FNF:0
FNH:0
DA:8,0
DA:9,0
DA:10,0
DA:11,0
DA:14,0
DA:15,0
DA:16,0
DA:17,0
DA:21,0
DA:25,0
DA:26,0
DA:27,0
DA:28,0
DA:30,0
DA:31,0
DA:32,0
DA:33,0
DA:34,0
DA:35,0
DA:36,0
DA:37,0
DA:38,0
DA:39,0
DA:40,0
DA:41,0
DA:42,0
DA:43,0
DA:44,0
DA:49,0
DA:55,0
DA:56,0
DA:57,0
DA:63,0
DA:64,0
DA:65,0
LF:35
LH:0
BRF:0
BRH:0
end_of_record
TN:
SF:constant\LoadFont.js
FNF:0
FNH:0
DA:3,0
DA:22,0
LF:2
LH:0
BRF:0
BRH:0
end_of_record
TN:
SF:constant\QuestionAndChoiceDirection.js
FNF:0
FNH:0
DA:1,0
DA:2,0
DA:3,0
DA:4,0
DA:5,0
DA:7,0
DA:8,0
DA:9,0
DA:10,0
DA:11,0
DA:13,0
DA:14,0
DA:15,0
DA:16,0
DA:17,0
DA:19,0
DA:20,0
DA:21,0
DA:22,0
DA:23,0
DA:25,0
DA:26,0
DA:27,0
DA:28,0
DA:29,0
LF:25
LH:0
BRF:0
BRH:0
end_of_record
TN:
SF:constant\textToSpeech.js
FN:3,stopPreviousVoice
FN:12,reTrue
FN:16,fourWayQuestion
FN:28,confirmQuestion
FN:38,twoWayQuestion
FN:47,resultReading
FNF:6
FNH:0
FNDA:0,stopPreviousVoice
FNDA:0,reTrue
FNDA:0,fourWayQuestion
FNDA:0,confirmQuestion
FNDA:0,twoWayQuestion
FNDA:0,resultReading
DA:4,0
DA:5,0
DA:6,0
DA:8,0
DA:13,0
DA:17,0
DA:18,0
DA:19,0
DA:20,0
DA:21,0
DA:22,0
DA:23,0
DA:24,0
DA:29,0
DA:31,0
DA:32,0
DA:33,0
DA:34,0
DA:39,0
DA:40,0
DA:41,0
DA:42,0
DA:43,0
DA:48,0
DA:49,0
DA:50,0
DA:51,0
DA:52,0
DA:53,0
DA:54,0
DA:55,0
DA:56,0
DA:57,0
DA:59,0
LF:34
LH:0
BRDA:4,0,0,0
BRDA:4,0,1,0
BRDA:18,1,0,0
BRDA:18,1,1,0
BRDA:31,2,0,0
BRDA:31,2,1,0
BRDA:40,3,0,0
BRDA:40,3,1,0
BRDA:49,4,0,0
BRDA:49,4,1,0
BRDA:56,5,0,0
BRDA:56,5,1,0
BRF:12
BRH:0
end_of_record
TN:
SF:screens\ConfirmBeforeFetch.js
FN:12,ConfirmBeforeFetch
FN:18,getLocation
FN:45,SwipeUpHandler
FN:50,SwipeDownHandler
FNF:4
FNH:0
FNDA:0,ConfirmBeforeFetch
FNDA:0,getLocation
FNDA:0,SwipeUpHandler
FNDA:0,SwipeDownHandler
DA:15,0
DA:19,0
DA:20,0
DA:21,0
DA:22,0
DA:25,0
DA:29,0
DA:36,0
DA:43,0
DA:47,0
DA:52,0
DA:53,0
DA:61,0
DA:62,0
DA:65,0
DA:66,0
DA:67,0
DA:73,0
DA:127,0
DA:128,0
DA:135,0
DA:137,0
DA:147,0
DA:148,0
DA:151,0
DA:156,0
LF:26
LH:0
BRDA:20,0,0,0
BRDA:20,0,1,0
BRDA:61,1,0,0
BRDA:61,1,1,0
BRDA:127,2,0,0
BRDA:127,2,1,0
BRDA:135,3,0,0
BRDA:135,3,1,0
BRDA:147,4,0,0
BRDA:147,4,1,0
BRF:10
BRH:0
end_of_record
TN:
SF:screens\DisplayResultScreen.js
FN:12,DisplayResultScreen
FN:20,SwipeUpHandler
FN:25,SwipeDownHandler
FN:30,SwipeLeftHandler
FN:37,SwipeRightHandler
FN:73,filterResult
FN:129,(anonymous_6)
FN:164,(anonymous_7)
FN:179,(anonymous_8)
FNF:9
FNH:0
FNDA:0,DisplayResultScreen
FNDA:0,SwipeUpHandler
FNDA:0,SwipeDownHandler
FNDA:0,SwipeLeftHandler
FNDA:0,SwipeRightHandler
FNDA:0,filterResult
FNDA:0,(anonymous_6)
FNDA:0,(anonymous_7)
FNDA:0,(anonymous_8)
DA:15,0
DA:21,0
DA:22,0
DA:26,0
DA:31,0
DA:32,0
DA:38,0
DA:55,0
DA:56,0
DA:57,0
DA:59,0
DA:60,0
DA:62,0
DA:64,0
DA:65,0
DA:66,0
DA:67,0
DA:74,0
DA:76,0
DA:77,0
DA:79,0
DA:85,0
DA:86,0
DA:90,0
DA:91,0
DA:95,0
DA:96,0
DA:97,0
DA:99,0
DA:105,0
DA:123,0
DA:128,0
DA:129,0
DA:138,0
DA:139,0
DA:140,0
DA:141,0
DA:142,0
DA:144,0
DA:145,0
DA:146,0
DA:162,0
DA:164,0
DA:165,0
DA:166,0
DA:167,0
DA:168,0
DA:170,0
DA:171,0
DA:173,0
DA:176,0
DA:178,0
DA:179,0
DA:182,0
DA:184,0
DA:188,0
DA:191,0
DA:202,0
DA:212,0
DA:213,0
DA:214,0
DA:215,0
DA:221,0
DA:286,0
DA:289,0
DA:290,0
DA:292,0
DA:293,0
DA:296,0
DA:301,0
LF:70
LH:0
BRDA:31,0,0,0
BRDA:31,0,1,0
BRDA:64,1,0,0
BRDA:64,1,1,0
BRDA:77,2,0,0
BRDA:77,2,1,0
BRDA:85,3,0,0
BRDA:85,3,1,0
BRDA:96,4,0,0
BRDA:96,4,1,0
BRDA:162,5,0,0
BRDA:162,5,1,0
BRDA:167,6,0,0
BRDA:167,6,1,0
BRDA:170,7,0,0
BRDA:170,7,1,0
BRDA:176,8,0,0
BRDA:176,8,1,0
BRDA:182,9,0,0
BRDA:182,9,1,0
BRDA:289,10,0,0
BRDA:289,10,1,0
BRDA:292,11,0,0
BRDA:292,11,1,0
BRF:24
BRH:0
end_of_record
TN:
SF:screens\LastScreen.js
FN:8,LastScreen
FN:10,(anonymous_1)
FNF:2
FNH:0
FNDA:0,LastScreen
FNDA:0,(anonymous_1)
DA:9,0
DA:10,0
DA:11,0
DA:15,0
DA:55,0
DA:56,0
DA:59,0
DA:64,0
LF:8
LH:0
BRDA:55,0,0,0
BRDA:55,0,1,0
BRF:2
BRH:0
end_of_record
TN:
SF:screens\StartScreen.js
FN:7,StartScreen
FN:9,(anonymous_1)
FNF:2
FNH:0
FNDA:0,StartScreen
FNDA:0,(anonymous_1)
DA:8,0
DA:9,0
DA:10,0
DA:11,0
DA:14,0
DA:15,0
DA:18,0
DA:59,0
DA:64,0
LF:9
LH:0
BRF:0
BRH:0
end_of_record
TN:
SF:screens\SwipeScreen.js
FN:22,SwipeScreen
FN:40,SwipeUpHandler
FN:47,SwipeDownHandler
FN:55,SwipeLeftHandler
FN:63,SwipeRightHandler
FN:71,DoubleTapHandler
FNF:6
FNH:0
FNDA:0,SwipeScreen
FNDA:0,SwipeUpHandler
FNDA:0,SwipeDownHandler
FNDA:0,SwipeLeftHandler
FNDA:0,SwipeRightHandler
FNDA:0,DoubleTapHandler
DA:25,0
DA:32,0
DA:34,0
DA:36,0
DA:41,0
DA:42,0
DA:43,0
DA:44,0
DA:48,0
DA:49,0
DA:50,0
DA:51,0
DA:56,0
DA:57,0
DA:58,0
DA:59,0
DA:64,0
DA:65,0
DA:66,0
DA:67,0
DA:72,0
DA:73,0
DA:74,0
DA:75,0
DA:76,0
DA:87,0
DA:97,0
DA:162,0
DA:163,0
DA:169,0
DA:175,0
LF:31
LH:0
BRDA:72,0,0,0
BRDA:72,0,1,0
BRDA:162,1,0,0
BRDA:162,1,1,0
BRF:4
BRH:0
end_of_record
TN:
SF:screens\YesNoChoiceScreen.js
FN:14,YesNoChoiceScreen
FN:23,returnQuestionArray
FN:31,(anonymous_2)
FN:36,(anonymous_3)
FN:50,(anonymous_4)
FN:66,SwipeUpHandler
FN:75,SwipeDownHandler
FN:84,DoubleTapHandler
FN:112,(anonymous_8)
FN:114,(anonymous_9)
FN:115,(anonymous_10)
FN:116,(anonymous_11)
FN:117,(anonymous_12)
FNF:13
FNH:0
FNDA:0,YesNoChoiceScreen
FNDA:0,returnQuestionArray
FNDA:0,(anonymous_2)
FNDA:0,(anonymous_3)
FNDA:0,(anonymous_4)
FNDA:0,SwipeUpHandler
FNDA:0,SwipeDownHandler
FNDA:0,DoubleTapHandler
FNDA:0,(anonymous_8)
FNDA:0,(anonymous_9)
FNDA:0,(anonymous_10)
FNDA:0,(anonymous_11)
FNDA:0,(anonymous_12)
DA:16,0
DA:18,0
DA:20,0
DA:21,0
DA:24,0
DA:28,0
DA:30,0
DA:31,0
DA:32,0
DA:33,0
DA:35,0
DA:36,0
DA:37,0
DA:39,0
DA:40,0
DA:42,0
DA:44,0
DA:46,0
DA:49,0
DA:50,0
DA:51,0
DA:53,0
DA:56,0
DA:61,0
DA:68,0
DA:69,0
DA:71,0
DA:72,0
DA:77,0
DA:78,0
DA:80,0
DA:81,0
DA:86,0
DA:87,0
DA:88,0
DA:89,0
DA:94,0
DA:95,0
DA:97,0
DA:99,0
DA:100,0
DA:101,0
DA:102,0
DA:103,0
DA:104,0
DA:106,0
DA:109,0
DA:112,0
DA:113,0
DA:114,0
DA:115,0
DA:116,0
DA:117,0
DA:125,0
DA:126,0
DA:137,0
DA:199,0
DA:200,0
DA:205,0
DA:206,0
DA:218,0
DA:223,0
LF:62
LH:0
BRDA:28,0,0,0
BRDA:28,0,1,0
BRDA:33,1,0,0
BRDA:33,1,1,0
BRDA:40,2,0,0
BRDA:40,2,1,0
BRDA:68,3,0,0
BRDA:68,3,1,0
BRDA:77,4,0,0
BRDA:77,4,1,0
BRDA:86,5,0,0
BRDA:86,5,1,0
BRDA:99,6,0,0
BRDA:99,6,1,0
BRDA:101,7,0,0
BRDA:101,7,1,0
BRDA:103,8,0,0
BRDA:103,8,1,0
BRDA:199,9,0,0
BRDA:199,9,1,0
BRDA:205,10,0,0
BRDA:205,10,1,0
BRF:22
BRH:0
end_of_record
